app/build/intermediates/manifest_merge_blame_file/debug/manifest-merger-blame-debug-report.txt
1<?xml version="1.0" encoding="utf-8"?>
2<manifest xmlns:android="http://schemas.android.com/apk/res/android"
3    package="com.example.viceless"
4    android:versionCode="1"
5    android:versionName="1.0" >
6
7    <uses-sdk
8        android:minSdkVersion="23"
8-->src/main/AndroidManifest.xml
9        android:targetSdkVersion="29" />
9-->src/main/AndroidManifest.xml
10
11    <supports-screens
11-->src/main/AndroidManifest.xml:5:5-9:39
12        android:largeScreens="true"
12-->src/main/AndroidManifest.xml:6:9-36
13        android:normalScreens="true"
13-->src/main/AndroidManifest.xml:7:9-37
14        android:smallScreens="true"
14-->src/main/AndroidManifest.xml:8:9-36
15        android:xlargeScreens="true" />
15-->src/main/AndroidManifest.xml:9:9-37
16
17    <application
17-->src/main/AndroidManifest.xml:11:5-42:19
18        android:allowBackup="true"
18-->src/main/AndroidManifest.xml:12:9-35
19        android:appComponentFactory="androidx.core.app.CoreComponentFactory"
19-->[androidx.core:core:1.2.0] AndroidManifest.xml:24:18-86
20        android:debuggable="true"
21        android:extractNativeLibs="false"
22        android:icon="@mipmap/ic_launcher"
22-->src/main/AndroidManifest.xml:13:9-43
23        android:label="@string/app_name"
23-->src/main/AndroidManifest.xml:14:9-41
24        android:roundIcon="@mipmap/ic_launcher_round"
24-->src/main/AndroidManifest.xml:15:9-54
25        android:supportsRtl="true"
25-->src/main/AndroidManifest.xml:16:9-35
26        android:testOnly="true"
27        android:theme="@style/AppTheme" >
27-->src/main/AndroidManifest.xml:17:9-40
28
29        <!-- For splash screen; applied this theme so we get rid of action bar -->
30        <activity
30-->src/main/AndroidManifest.xml:19:9-27:20
31            android:name="com.example.viceless.SplashActivity"
31-->src/main/AndroidManifest.xml:20:13-43
32            android:theme="@style/AppTheme.NoActionBar" >
32-->src/main/AndroidManifest.xml:21:13-56
33            <intent-filter>
33-->src/main/AndroidManifest.xml:22:13-26:29
34                <action android:name="android.intent.action.MAIN" />
34-->src/main/AndroidManifest.xml:23:17-69
34-->src/main/AndroidManifest.xml:23:25-66
35
36                <category android:name="android.intent.category.LAUNCHER" />
36-->src/main/AndroidManifest.xml:25:17-77
36-->src/main/AndroidManifest.xml:25:27-74
37            </intent-filter>
38        </activity>
39        <activity android:name="com.example.viceless.HomePageActivity" >
39-->src/main/AndroidManifest.xml:28:9-34:20
39-->src/main/AndroidManifest.xml:28:19-51
40            <intent-filter>
40-->src/main/AndroidManifest.xml:22:13-26:29
41                <action android:name="android.intent.action.MAIN" />
41-->src/main/AndroidManifest.xml:23:17-69
41-->src/main/AndroidManifest.xml:23:25-66
42
43                <category android:name="android.intent.category.LAUNCHER" />
43-->src/main/AndroidManifest.xml:25:17-77
43-->src/main/AndroidManifest.xml:25:27-74
44            </intent-filter>
45        </activity>
46        <activity android:name="com.example.viceless.MainActivity" >
46-->src/main/AndroidManifest.xml:35:9-41:20
46-->src/main/AndroidManifest.xml:35:19-47
47            <intent-filter>
47-->src/main/AndroidManifest.xml:22:13-26:29
48                <action android:name="android.intent.action.MAIN" />
48-->src/main/AndroidManifest.xml:23:17-69
48-->src/main/AndroidManifest.xml:23:25-66
49
50                <category android:name="android.intent.category.LAUNCHER" />
50-->src/main/AndroidManifest.xml:25:17-77
50-->src/main/AndroidManifest.xml:25:27-74
51            </intent-filter>
52        </activity>
53    </application>
54
55</manifest>